GROUP,PACKAGE,CLASS,INSTRUCTION_MISSED,INSTRUCTION_COVERED,BRANCH_MISSED,BRANCH_COVERED,LINE_MISSED,LINE_COVERED,COMPLEXITY_MISSED,COMPLEXITY_COVERED,METHOD_MISSED,METHOD_COVERED
Tipo prova,jogadorTipoProva.demo,Time,3,0,0,0,1,0,1,0,1,0
Tipo prova,jogadorTipoProva.demo,JogadorController,15,3,0,0,5,1,3,1,3,1
Tipo prova,jogadorTipoProva.demo,TipoProvaApplication,5,3,0,0,2,1,1,1,1,1
Tipo prova,jogadorTipoProva.demo,Jogador,3,0,0,0,1,0,1,0,1,0
Tipo prova,jogadorTipoProva.demo,JogadorService,105,0,14,0,23,0,12,0,5,0
